<?xml version="1.0" encoding="UTF-8"?>
<testng-results skipped="0" failed="0" ignored="0" total="1" passed="1">
  <reporter-output>
  </reporter-output>
  <suite name="Suite" duration-ms="23124" started-at="2018-07-04T13:46:09Z" finished-at="2018-07-04T13:46:32Z">
    <groups>
    </groups>
    <test name="Test" duration-ms="23124" started-at="2018-07-04T13:46:09Z" finished-at="2018-07-04T13:46:32Z">
      <class name="com.Moodle.TestCases.Verify_Login">
        <test-method status="PASS" signature="MoodleLogin()[pri:0, instance:com.Moodle.TestCases.Verify_Login@26653222]" name="MoodleLogin" duration-ms="23066" started-at="2018-07-04T13:46:09Z" finished-at="2018-07-04T13:46:32Z">
          <reporter-output>
          </reporter-output>
        </test-method> <!-- MoodleLogin -->
      </class> <!-- com.Moodle.TestCases.Verify_Login -->
    </test> <!-- Test -->
  </suite> <!-- Suite -->
</testng-results>
